{
  "stats": {
    "suites": 1,
    "tests": 1,
    "passes": 1,
    "pending": 0,
    "failures": 0,
    "start": "2025-08-28T20:25:55.330Z",
    "end": "2025-08-28T20:25:57.980Z",
    "duration": 2650,
    "testsRegistered": 1,
    "passPercent": 100,
    "pendingPercent": 0,
    "other": 0,
    "hasOther": false,
    "skipped": 0,
    "hasSkipped": false
  },
  "results": [
    {
      "uuid": "14fe911f-e13c-4d7c-abb2-f927cdd47c0c",
      "title": "",
      "fullFile": "cypress\\e2e\\purchase-flow.cy.js",
      "file": "cypress\\e2e\\purchase-flow.cy.js",
      "beforeHooks": [],
      "afterHooks": [],
      "tests": [],
      "suites": [
        {
          "uuid": "7ad6cda2-fb21-4c98-bedb-77e74b43323b",
          "title": "Fluxo completo de compra",
          "fullFile": "",
          "file": "",
          "beforeHooks": [],
          "afterHooks": [],
          "tests": [
            {
              "title": "deve realizar uma compra com sucesso",
              "fullTitle": "Fluxo completo de compra deve realizar uma compra com sucesso",
              "timedOut": null,
              "duration": 2610,
              "state": "passed",
              "speed": "fast",
              "pass": true,
              "fail": false,
              "pending": false,
              "context": null,
              "code": "// Realiza login utilizando dados do cypress.env.json\ncy.login();\n// Adiciona o produto \"Sauce Labs Backpack\" ao carrinho e valida o badge\ncy.addProductToCart();\n// Acessa o carrinho e valida se o produto está presente\ncy.goToCartAndValidateProduct();\n// Inicia o processo de checkout e preenche os dados obrigatórios\ncy.checkout();\n// Valida o resumo do checkout: produto, preço, subtotal, imposto e total\ncy.validateCheckoutSummary();\n// Finaliza a compra e valida a mensagem de sucesso\ncy.finishPurchaseAndValidate();\n// Retorna para a tela de produtos, acessa o carrinho e valida que está vazio\ncy.validateCartIsEmpty();",
              "err": {},
              "uuid": "e6f8cd6f-34a9-454f-a875-2b8eb17de842",
              "parentUUID": "7ad6cda2-fb21-4c98-bedb-77e74b43323b",
              "isHook": false,
              "skipped": false
            }
          ],
          "suites": [],
          "passes": [
            "e6f8cd6f-34a9-454f-a875-2b8eb17de842"
          ],
          "failures": [],
          "pending": [],
          "skipped": [],
          "duration": 2610,
          "root": false,
          "rootEmpty": false,
          "_timeout": 2000
        }
      ],
      "passes": [],
      "failures": [],
      "pending": [],
      "skipped": [],
      "duration": 0,
      "root": true,
      "rootEmpty": true,
      "_timeout": 2000
    }
  ],
  "meta": {
    "mocha": {
      "version": "7.2.0"
    },
    "mochawesome": {
      "options": {
        "quiet": false,
        "reportFilename": "mochawesome",
        "saveHtml": true,
        "saveJson": true,
        "consoleReporter": "spec",
        "useInlineDiffs": false,
        "code": true
      },
      "version": "7.1.3"
    },
    "marge": {
      "options": {
        "reportDir": "cypress/reports",
        "overwrite": false,
        "html": true,
        "json": true
      },
      "version": "6.2.0"
    }
  }
}